# JRE version: OpenJDK Runtime Environment (8.0_152-b01) (build 1.8.0_152-release-1248-b01)
# Java VM: OpenJDK 64-Bit Server VM (25.152-b01 mixed mode windows-amd64 compressed oops)
Heap:
 PSYoungGen      total 202240K, used 98192K [0x00000000e0000000, 0x00000000f0900000, 0x0000000100000000)
  eden space 157184K, 37% used [0x00000000e0000000,0x00000000e39dbe78,0x00000000e9980000)
  from space 45056K, 86% used [0x00000000e9980000,0x00000000ebf88530,0x00000000ec580000)
  to   space 49152K, 0% used [0x00000000ed900000,0x00000000ed900000,0x00000000f0900000)
 ParOldGen       total 202240K, used 45901K [0x00000000a0000000, 0x00000000ac580000, 0x00000000e0000000)
  object space 202240K, 22% used [0x00000000a0000000,0x00000000a2cd3420,0x00000000ac580000)
 Metaspace       used 96893K, capacity 101618K, committed 101800K, reserved 1138688K
  class space    used 12175K, capacity 13111K, committed 13232K, reserved 1048576K
GC Heap History (10 events):
Event: 14765.769 GC heap before
{Heap before GC invocations=33 (full 4):
 PSYoungGen      total 169472K, used 152551K [0x00000000e0000000, 0x00000000eca00000, 0x0000000100000000)
  eden space 136192K, 99% used [0x00000000e0000000,0x00000000e8485758,0x00000000e8500000)
  from space 33280K, 50% used [0x00000000ea980000,0x00000000eb9f44a8,0x00000000eca00000)
  to   space 35328K, 0% used [0x00000000e8500000,0x00000000e8500000,0x00000000ea780000)
 ParOldGen       total 202240K, used 38648K [0x00000000a0000000, 0x00000000ac580000, 0x00000000e0000000)
  object space 202240K, 19% used [0x00000000a0000000,0x00000000a25be1f0,0x00000000ac580000)
 Metaspace       used 95965K, capacity 100494K, committed 100648K, reserved 1136640K
  class space    used 12093K, capacity 12995K, committed 13104K, reserved 1048576K
Event: 14765.808 GC heap after
Heap after GC invocations=33 (full 4):
 PSYoungGen      total 171520K, used 22387K [0x00000000e0000000, 0x00000000ed080000, 0x0000000100000000)
  eden space 136192K, 0% used [0x00000000e0000000,0x00000000e0000000,0x00000000e8500000)
  from space 35328K, 63% used [0x00000000e8500000,0x00000000e9adcea8,0x00000000ea780000)
  to   space 35328K, 0% used [0x00000000eae00000,0x00000000eae00000,0x00000000ed080000)
 ParOldGen       total 202240K, used 38656K [0x00000000a0000000, 0x00000000ac580000, 0x00000000e0000000)
  object space 202240K, 19% used [0x00000000a0000000,0x00000000a25c01f0,0x00000000ac580000)
 Metaspace       used 95965K, capacity 100494K, committed 100648K, reserved 1136640K
  class space    used 12093K, capacity 12995K, committed 13104K, reserved 1048576K
}
Event: 14770.082 GC heap before
{Heap before GC invocations=34 (full 4):
 PSYoungGen      total 171520K, used 158576K [0x00000000e0000000, 0x00000000ed080000, 0x0000000100000000)
  eden space 136192K, 99% used [0x00000000e0000000,0x00000000e84ff228,0x00000000e8500000)
  from space 35328K, 63% used [0x00000000e8500000,0x00000000e9adcea8,0x00000000ea780000)
  to   space 35328K, 0% used [0x00000000eae00000,0x00000000eae00000,0x00000000ed080000)
 ParOldGen       total 202240K, used 38656K [0x00000000a0000000, 0x00000000ac580000, 0x00000000e0000000)
  object space 202240K, 19% used [0x00000000a0000000,0x00000000a25c01f0,0x00000000ac580000)
 Metaspace       used 96169K, capacity 100744K, committed 100904K, reserved 1136640K
  class space    used 12101K, capacity 13006K, committed 13104K, reserved 1048576K
Event: 14770.107 GC heap after
Heap after GC invocations=34 (full 4):
 PSYoungGen      total 177152K, used 15459K [0x00000000e0000000, 0x00000000ece80000, 0x0000000100000000)
  eden space 143872K, 0% used [0x00000000e0000000,0x00000000e0000000,0x00000000e8c80000)
  from space 33280K, 46% used [0x00000000eae00000,0x00000000ebd18c98,0x00000000ece80000)
  to   space 33792K, 0% used [0x00000000e8c80000,0x00000000e8c80000,0x00000000ead80000)
 ParOldGen       total 202240K, used 38656K [0x00000000a0000000, 0x00000000ac580000, 0x00000000e0000000)
  object space 202240K, 19% used [0x00000000a0000000,0x00000000a25c01f0,0x00000000ac580000)
 Metaspace       used 96169K, capacity 100744K, committed 100904K, reserved 1136640K
  class space    used 12101K, capacity 13006K, committed 13104K, reserved 1048576K
}
Event: 14771.915 GC heap before
{Heap before GC invocations=35 (full 4):
 PSYoungGen      total 177152K, used 159279K [0x00000000e0000000, 0x00000000ece80000, 0x0000000100000000)
  eden space 143872K, 99% used [0x00000000e0000000,0x00000000e8c732d0,0x00000000e8c80000)
  from space 33280K, 46% used [0x00000000eae00000,0x00000000ebd18c98,0x00000000ece80000)
  to   space 33792K, 0% used [0x00000000e8c80000,0x00000000e8c80000,0x00000000ead80000)
 ParOldGen       total 202240K, used 38656K [0x00000000a0000000, 0x00000000ac580000, 0x00000000e0000000)
  object space 202240K, 19% used [0x00000000a0000000,0x00000000a25c01f0,0x00000000ac580000)
 Metaspace       used 96231K, capacity 100752K, committed 100904K, reserved 1136640K
  class space    used 12102K, capacity 13006K, committed 13104K, reserved 1048576K
Event: 14771.976 GC heap after
Heap after GC invocations=35 (full 4):
 PSYoungGen      total 177664K, used 33789K [0x00000000e0000000, 0x00000000eed80000, 0x0000000100000000)
  eden space 143872K, 0% used [0x00000000e0000000,0x00000000e0000000,0x00000000e8c80000)
  from space 33792K, 99% used [0x00000000e8c80000,0x00000000ead7f498,0x00000000ead80000)
  to   space 40960K, 0% used [0x00000000ec580000,0x00000000ec580000,0x00000000eed80000)
 ParOldGen       total 202240K, used 45893K [0x00000000a0000000, 0x00000000ac580000, 0x00000000e0000000)
  object space 202240K, 22% used [0x00000000a0000000,0x00000000a2cd1420,0x00000000ac580000)
 Metaspace       used 96231K, capacity 100752K, committed 100904K, reserved 1136640K
  class space    used 12102K, capacity 13006K, committed 13104K, reserved 1048576K
}
Event: 14774.677 GC heap before
{Heap before GC invocations=36 (full 4):
 PSYoungGen      total 177664K, used 176906K [0x00000000e0000000, 0x00000000eed80000, 0x0000000100000000)
  eden space 143872K, 99% used [0x00000000e0000000,0x00000000e8bc3668,0x00000000e8c80000)
  from space 33792K, 99% used [0x00000000e8c80000,0x00000000ead7f498,0x00000000ead80000)
  to   space 40960K, 0% used [0x00000000ec580000,0x00000000ec580000,0x00000000eed80000)
 ParOldGen       total 202240K, used 45893K [0x00000000a0000000, 0x00000000ac580000, 0x00000000e0000000)
  object space 202240K, 22% used [0x00000000a0000000,0x00000000a2cd1420,0x00000000ac580000)
 Metaspace       used 96632K, capacity 101346K, committed 101416K, reserved 1138688K
  class space    used 12160K, capacity 13087K, committed 13104K, reserved 1048576K
Event: 14774.749 GC heap after
Heap after GC invocations=36 (full 4):
 PSYoungGen      total 198144K, used 36661K [0x00000000e0000000, 0x00000000ef880000, 0x0000000100000000)
  eden space 157184K, 0% used [0x00000000e0000000,0x00000000e0000000,0x00000000e9980000)
  from space 40960K, 89% used [0x00000000ec580000,0x00000000ee94d7e0,0x00000000eed80000)
  to   space 45056K, 0% used [0x00000000e9980000,0x00000000e9980000,0x00000000ec580000)
 ParOldGen       total 202240K, used 45893K [0x00000000a0000000, 0x00000000ac580000, 0x00000000e0000000)
  object space 202240K, 22% used [0x00000000a0000000,0x00000000a2cd1420,0x00000000ac580000)
 Metaspace       used 96632K, capacity 101346K, committed 101416K, reserved 1138688K
  class space    used 12160K, capacity 13087K, committed 13104K, reserved 1048576K
}
Event: 15144.250 GC heap before
{Heap before GC invocations=37 (full 4):
 PSYoungGen      total 198144K, used 193845K [0x00000000e0000000, 0x00000000ef880000, 0x0000000100000000)
  eden space 157184K, 100% used [0x00000000e0000000,0x00000000e9980000,0x00000000e9980000)
  from space 40960K, 89% used [0x00000000ec580000,0x00000000ee94d7e0,0x00000000eed80000)
  to   space 45056K, 0% used [0x00000000e9980000,0x00000000e9980000,0x00000000ec580000)
 ParOldGen       total 202240K, used 45893K [0x00000000a0000000, 0x00000000ac580000, 0x00000000e0000000)
  object space 202240K, 22% used [0x00000000a0000000,0x00000000a2cd1420,0x00000000ac580000)
 Metaspace       used 96828K, capacity 101472K, committed 101800K, reserved 1138688K
  class space    used 12174K, capacity 13108K, committed 13232K, reserved 1048576K
Event: 15144.310 GC heap after
Heap after GC invocations=37 (full 4):
 PSYoungGen      total 202240K, used 38945K [0x00000000e0000000, 0x00000000f0900000, 0x0000000100000000)
  eden space 157184K, 0% used [0x00000000e0000000,0x00000000e0000000,0x00000000e9980000)
  from space 45056K, 86% used [0x00000000e9980000,0x00000000ebf88530,0x00000000ec580000)
  to   space 49152K, 0% used [0x00000000ed900000,0x00000000ed900000,0x00000000f0900000)
 ParOldGen       total 202240K, used 45901K [0x00000000a0000000, 0x00000000ac580000, 0x00000000e0000000)
  object space 202240K, 22% used [0x00000000a0000000,0x00000000a2cd3420,0x00000000ac580000)
 Metaspace       used 96828K, capacity 101472K, committed 101800K, reserved 1138688K
  class space    used 12174K, capacity 13108K, committed 13232K, reserved 1048576K
}

